Using pre-set license
Built from '2020.3/staging' branch; Version is '2020.3.16f1 (049d6eca3c44) revision 302446'; Using compiler version '192528614'; Build Type 'Release'
OS: 'Windows 10 Pro; OS build 19044.1466; Version 2009; 64bit' Language: 'en' Physical Memory: 16234 MB
BatchMode: 1, IsHumanControllingUs: 0, StartBugReporterOnCrash: 0, Is64bit: 1, IsPro: 0

 COMMAND LINE ARGUMENTS:
C:\Program Files\Unity\Hub\Editor\2020.3.16f1\Editor\Unity.exe
-adb2
-batchMode
-noUpm
-name
AssetImportWorker0
-projectPath
C:/Users/doguk/OneDrive/Belgeler/GitHub/UltimateNechmi2
-logFile
Logs/AssetImportWorker0.log
-srvPort
62028
Successfully changed project path to: C:/Users/doguk/OneDrive/Belgeler/GitHub/UltimateNechmi2
C:/Users/doguk/OneDrive/Belgeler/GitHub/UltimateNechmi2
Using Asset Import Pipeline V2.
Refreshing native plugins compatible for Editor in 42.80 ms, found 2 plugins.
Preloading 0 native plugins for Editor in 0.00 ms.
Initialize engine version: 2020.3.16f1 (049d6eca3c44)
[Subsystems] Discovering subsystems at path C:/Program Files/Unity/Hub/Editor/2020.3.16f1/Editor/Data/Resources/UnitySubsystems
[Subsystems] Discovering subsystems at path C:/Users/doguk/OneDrive/Belgeler/GitHub/UltimateNechmi2/Assets
GfxDevice: creating device client; threaded=0
Direct3D:
    Version:  Direct3D 11.0 [level 11.1]
    Renderer: NVIDIA GeForce RTX 2060 (ID=0x1f11)
    Vendor:   
    VRAM:     5980 MB
    Driver:   30.0.15.1123
Initialize mono
Mono path[0] = 'C:/Program Files/Unity/Hub/Editor/2020.3.16f1/Editor/Data/Managed'
Mono path[1] = 'C:/Program Files/Unity/Hub/Editor/2020.3.16f1/Editor/Data/MonoBleedingEdge/lib/mono/unityjit'
Mono config path = 'C:/Program Files/Unity/Hub/Editor/2020.3.16f1/Editor/Data/MonoBleedingEdge/etc'
Using monoOptions --debugger-agent=transport=dt_socket,embedding=1,server=y,suspend=n,address=127.0.0.1:56992
Begin MonoManager ReloadAssembly
Registering precompiled unity dll's ...
Register platform support module: C:/Program Files/Unity/Hub/Editor/2020.3.16f1/Editor/Data/PlaybackEngines/WindowsStandaloneSupport/UnityEditor.WindowsStandalone.Extensions.dll
Registered in 0.002300 seconds.
Native extension for WindowsStandalone target not found
Refreshing native plugins compatible for Editor in 37.18 ms, found 2 plugins.
Preloading 0 native plugins for Editor in 0.00 ms.
Mono: successfully reloaded assembly
- Completed reload, in  2.308 seconds
Domain Reload Profiling:
	ReloadAssembly (2308ms)
		BeginReloadAssembly (71ms)
			ExecutionOrderSort (0ms)
			DisableScriptedObjects (0ms)
			BackupInstance (0ms)
			ReleaseScriptingObjects (0ms)
			CreateAndSetChildDomain (1ms)
		EndReloadAssembly (521ms)
			LoadAssemblies (67ms)
			RebuildTransferFunctionScriptingTraits (0ms)
			SetupTypeCache (191ms)
			ReleaseScriptCaches (0ms)
			RebuildScriptCaches (42ms)
			SetupLoadedEditorAssemblies (196ms)
				LogAssemblyErrors (0ms)
				InitializePlatformSupportModulesInManaged (5ms)
				SetLoadedEditorAssemblies (0ms)
				RefreshPlugins (37ms)
				BeforeProcessingInitializeOnLoad (19ms)
				ProcessInitializeOnLoadAttributes (100ms)
				ProcessInitializeOnLoadMethodAttributes (35ms)
				AfterProcessingInitializeOnLoad (0ms)
				EditorAssembliesLoaded (0ms)
			ExecutionOrderSort2 (0ms)
			AwakeInstancesAfterBackupRestoration (0ms)
Platform modules already initialized, skipping
Registering precompiled user dll's ...
Registered in 0.004570 seconds.
Begin MonoManager ReloadAssembly
Native extension for WindowsStandalone target not found
Refreshing native plugins compatible for Editor in 0.37 ms, found 2 plugins.
Preloading 0 native plugins for Editor in 0.00 ms.
Mono: successfully reloaded assembly
- Completed reload, in  1.356 seconds
Domain Reload Profiling:
	ReloadAssembly (1357ms)
		BeginReloadAssembly (181ms)
			ExecutionOrderSort (0ms)
			DisableScriptedObjects (6ms)
			BackupInstance (0ms)
			ReleaseScriptingObjects (0ms)
			CreateAndSetChildDomain (23ms)
		EndReloadAssembly (1095ms)
			LoadAssemblies (107ms)
			RebuildTransferFunctionScriptingTraits (0ms)
			SetupTypeCache (345ms)
			ReleaseScriptCaches (0ms)
			RebuildScriptCaches (54ms)
			SetupLoadedEditorAssemblies (472ms)
				LogAssemblyErrors (0ms)
				InitializePlatformSupportModulesInManaged (6ms)
				SetLoadedEditorAssemblies (1ms)
				RefreshPlugins (0ms)
				BeforeProcessingInitializeOnLoad (95ms)
				ProcessInitializeOnLoadAttributes (356ms)
				ProcessInitializeOnLoadMethodAttributes (6ms)
				AfterProcessingInitializeOnLoad (8ms)
				EditorAssembliesLoaded (0ms)
			ExecutionOrderSort2 (0ms)
			AwakeInstancesAfterBackupRestoration (8ms)
Platform modules already initialized, skipping
========================================================================
Worker process is ready to serve import requests
Launched and connected shader compiler UnityShaderCompiler.exe after 0.08 seconds
Refreshing native plugins compatible for Editor in 0.39 ms, found 2 plugins.
Preloading 0 native plugins for Editor in 0.00 ms.
Unloading 1410 Unused Serialized files (Serialized files now loaded: 0)
System memory in use before: 67.2 MB.
System memory in use after: 67.2 MB.

Unloading 18 unused Assets to reduce memory usage. Loaded Objects now: 1848.
Total: 3.574600 ms (FindLiveObjects: 0.243400 ms CreateObjectMapping: 0.072600 ms MarkObjects: 3.162300 ms  DeleteObjects: 0.094600 ms)

AssetImportParameters requested are different than current active one (requested -> active):
  custom:framework-win-MediaFoundation: 216162199b28c13a410421893ffa2e32 -> 
  custom:video-decoder-ogg-theora: a1e56fd34408186e4bbccfd4996cb3dc -> 
  custom:container-muxer-webm: aa71ff27fc2769a1b78a27578f13a17b -> 
  custom:container-demuxer-webm: 4f35f7cbe854078d1ac9338744f61a02 -> 
  custom:container-demuxer-ogg: 62fdf1f143b41e24485cea50d1cbac27 -> 
  custom:video-encoder-webm-vp8: eb34c28f22e8b96e1ab97ce403110664 -> 
  custom:video-decoder-webm-vp8: 9c59270c3fd7afecdb556c50c9e8de78 -> 
  custom:audio-decoder-ogg-vorbis: bf7c407c2cedff20999df2af8eb42d56 -> 
  custom:audio-encoder-webm-vorbis: bf7c407c2cedff20999df2af8eb42d56 -> 
========================================================================
Received Import Request.
  path: Assets/Scenes/Start Screen.unity
  artifactKey: Guid(69402cfd297ddec4bae7135610b5595f) Importer(815301076,1909f56bfc062723c751e8b465ee728b)
Start importing Assets/Scenes/Start Screen.unity using Guid(69402cfd297ddec4bae7135610b5595f) Importer(815301076,1909f56bfc062723c751e8b465ee728b)  -> (artifact id: '6394c63c0139e6763bfb8dc4f8d96161') in 0.020521 seconds 
  Import took 0.023147 seconds .

========================================================================
Received Import Request.
  Time since last request: 15.191077 seconds.
  path: Assets/8Bit Music Album - 051321/1. Track 1.wav
  artifactKey: Guid(00379ff33019bab4c9495c70aa3c3ff7) Importer(815301076,1909f56bfc062723c751e8b465ee728b)
Start importing Assets/8Bit Music Album - 051321/1. Track 1.wav using Guid(00379ff33019bab4c9495c70aa3c3ff7) Importer(815301076,1909f56bfc062723c751e8b465ee728b)  -> (artifact id: '35da65ec2fef55b1b11576780b60ed7e') in 0.172989 seconds 
  Import took 0.175992 seconds .

========================================================================
Received Import Request.
  Time since last request: 0.000215 seconds.
  path: Assets/8Bit Music Album - 051321/8. Track 8.wav
  artifactKey: Guid(466f7ce0edba30549bebcb8e96e931dd) Importer(815301076,1909f56bfc062723c751e8b465ee728b)
Start importing Assets/8Bit Music Album - 051321/8. Track 8.wav using Guid(466f7ce0edba30549bebcb8e96e931dd) Importer(815301076,1909f56bfc062723c751e8b465ee728b)  -> (artifact id: '5a9be023a5b83e557d34a8aaa69bab38') in 0.019027 seconds 
  Import took 0.022481 seconds .

========================================================================
Received Import Request.
  Time since last request: 0.000318 seconds.
  path: Assets/8Bit Music Album - 051321/7. Track 7.wav
  artifactKey: Guid(42a6e4e230cce4646953a0dd33a9d75a) Importer(815301076,1909f56bfc062723c751e8b465ee728b)
Start importing Assets/8Bit Music Album - 051321/7. Track 7.wav using Guid(42a6e4e230cce4646953a0dd33a9d75a) Importer(815301076,1909f56bfc062723c751e8b465ee728b)  -> (artifact id: '41ba8b561522f43eff4a189487423da5') in 0.018238 seconds 
  Import took 0.022062 seconds .

========================================================================
Received Import Request.
  Time since last request: 0.000297 seconds.
  path: Assets/8Bit Music Album - 051321/10. Track 10.wav
  artifactKey: Guid(c30fb566db8d61c47b24b39f932ba848) Importer(815301076,1909f56bfc062723c751e8b465ee728b)
Start importing Assets/8Bit Music Album - 051321/10. Track 10.wav using Guid(c30fb566db8d61c47b24b39f932ba848) Importer(815301076,1909f56bfc062723c751e8b465ee728b)  -> (artifact id: '493ccf33fe839e20bbeb7334f5d14aa4') in 0.015685 seconds 
  Import took 0.019072 seconds .

========================================================================
Received Import Request.
  Time since last request: 0.000344 seconds.
  path: Assets/8Bit Music Album - 051321/6. Track 6.wav
  artifactKey: Guid(267a0562368421345b5308f4c853e2ab) Importer(815301076,1909f56bfc062723c751e8b465ee728b)
Start importing Assets/8Bit Music Album - 051321/6. Track 6.wav using Guid(267a0562368421345b5308f4c853e2ab) Importer(815301076,1909f56bfc062723c751e8b465ee728b)  -> (artifact id: 'f7d204ab3c1658509e91706bbd3bd423') in 0.017532 seconds 
  Import took 0.021249 seconds .

========================================================================
Received Import Request.
  Time since last request: 0.000246 seconds.
  path: Assets/8Bit Music Album - 051321/2. Track 2.wav
  artifactKey: Guid(0e3b57fe9497c4a4cb25a0414d430a2c) Importer(815301076,1909f56bfc062723c751e8b465ee728b)
Start importing Assets/8Bit Music Album - 051321/2. Track 2.wav using Guid(0e3b57fe9497c4a4cb25a0414d430a2c) Importer(815301076,1909f56bfc062723c751e8b465ee728b)  -> (artifact id: '6f6b2d2ca93de229e0f42086993c0885') in 0.014451 seconds 
  Import took 0.017541 seconds .

========================================================================
Received Import Request.
  Time since last request: 0.000200 seconds.
  path: Assets/8Bit Music Album - 051321/3. Track 3.wav
  artifactKey: Guid(67b2c9de31a741c409c8e3fa5d05221a) Importer(815301076,1909f56bfc062723c751e8b465ee728b)
Start importing Assets/8Bit Music Album - 051321/3. Track 3.wav using Guid(67b2c9de31a741c409c8e3fa5d05221a) Importer(815301076,1909f56bfc062723c751e8b465ee728b)  -> (artifact id: '05898a5382ed6dd9173d816cbce71768') in 0.017206 seconds 
  Import took 0.020736 seconds .

========================================================================
Received Import Request.
  Time since last request: 0.000353 seconds.
  path: Assets/8Bit Music Album - 051321/9. Track 9.wav
  artifactKey: Guid(0ba0fe5080f00ce47aee7a253ae7f7af) Importer(815301076,1909f56bfc062723c751e8b465ee728b)
Start importing Assets/8Bit Music Album - 051321/9. Track 9.wav using Guid(0ba0fe5080f00ce47aee7a253ae7f7af) Importer(815301076,1909f56bfc062723c751e8b465ee728b)  -> (artifact id: 'af63e914abe8b1aa3f523f4d6b50def2') in 0.016190 seconds 
  Import took 0.019268 seconds .

========================================================================
Received Import Request.
  Time since last request: 0.000332 seconds.
  path: Assets/8Bit Music Album - 051321/4. Track 4.wav
  artifactKey: Guid(3eb3349832ee15c448a05bfcd3a8fbce) Importer(815301076,1909f56bfc062723c751e8b465ee728b)
Start importing Assets/8Bit Music Album - 051321/4. Track 4.wav using Guid(3eb3349832ee15c448a05bfcd3a8fbce) Importer(815301076,1909f56bfc062723c751e8b465ee728b)  -> (artifact id: 'ebc0572da8635be27f6628f85ab219c7') in 0.019688 seconds 
  Import took 0.023045 seconds .

========================================================================
Received Import Request.
  Time since last request: 0.000295 seconds.
  path: Assets/8Bit Music Album - 051321/1. Track 1.wav
  artifactKey: Guid(00379ff33019bab4c9495c70aa3c3ff7) Importer(815301076,1909f56bfc062723c751e8b465ee728b)
Start importing Assets/8Bit Music Album - 051321/1. Track 1.wav using Guid(00379ff33019bab4c9495c70aa3c3ff7) Importer(815301076,1909f56bfc062723c751e8b465ee728b)  -> (artifact id: '35da65ec2fef55b1b11576780b60ed7e') in 0.017853 seconds 
  Import took 0.021511 seconds .

========================================================================
Received Import Request.
  Time since last request: 0.000286 seconds.
  path: Assets/8Bit Music Album - 051321/5. Track 5.wav
  artifactKey: Guid(42eca95eca33c464b93c6797d20a673c) Importer(815301076,1909f56bfc062723c751e8b465ee728b)
Start importing Assets/8Bit Music Album - 051321/5. Track 5.wav using Guid(42eca95eca33c464b93c6797d20a673c) Importer(815301076,1909f56bfc062723c751e8b465ee728b)  -> (artifact id: 'e72a9b96a278747344f5141350def7f3') in 0.017265 seconds 
  Import took 0.020871 seconds .

========================================================================
Received Import Request.
  Time since last request: 0.583884 seconds.
  path: Assets/CasualGameSounds/DM-CGS-01.wav
  artifactKey: Guid(32d4b1811dda14a6cb9e059ee8ad17d2) Importer(815301076,1909f56bfc062723c751e8b465ee728b)
Start importing Assets/CasualGameSounds/DM-CGS-01.wav using Guid(32d4b1811dda14a6cb9e059ee8ad17d2) Importer(815301076,1909f56bfc062723c751e8b465ee728b)  -> (artifact id: 'f2d4164a7459797e5699df3a79b965fb') in 0.013925 seconds 
  Import took 0.017230 seconds .

========================================================================
Received Import Request.
  Time since last request: 0.000337 seconds.
  path: Assets/CasualGameSounds/DM-CGS-02.wav
  artifactKey: Guid(dc6614beca09347ec9b258f12d154bdd) Importer(815301076,1909f56bfc062723c751e8b465ee728b)
Start importing Assets/CasualGameSounds/DM-CGS-02.wav using Guid(dc6614beca09347ec9b258f12d154bdd) Importer(815301076,1909f56bfc062723c751e8b465ee728b)  -> (artifact id: 'f52d1ab20ea1d948f35665805e282865') in 0.018959 seconds 
  Import took 0.022512 seconds .

========================================================================
Received Prepare
Registering precompiled user dll's ...
Registered in 0.004347 seconds.
Begin MonoManager ReloadAssembly
Native extension for WindowsStandalone target not found
Refreshing native plugins compatible for Editor in 0.40 ms, found 2 plugins.
Preloading 0 native plugins for Editor in 0.00 ms.
Mono: successfully reloaded assembly
- Completed reload, in  1.347 seconds
Domain Reload Profiling:
	ReloadAssembly (1347ms)
		BeginReloadAssembly (138ms)
			ExecutionOrderSort (0ms)
			DisableScriptedObjects (5ms)
			BackupInstance (0ms)
			ReleaseScriptingObjects (0ms)
			CreateAndSetChildDomain (38ms)
		EndReloadAssembly (1125ms)
			LoadAssemblies (114ms)
			RebuildTransferFunctionScriptingTraits (0ms)
			SetupTypeCache (372ms)
			ReleaseScriptCaches (1ms)
			RebuildScriptCaches (48ms)
			SetupLoadedEditorAssemblies (463ms)
				LogAssemblyErrors (0ms)
				InitializePlatformSupportModulesInManaged (7ms)
				SetLoadedEditorAssemblies (1ms)
				RefreshPlugins (0ms)
				BeforeProcessingInitializeOnLoad (93ms)
				ProcessInitializeOnLoadAttributes (347ms)
				ProcessInitializeOnLoadMethodAttributes (5ms)
				AfterProcessingInitializeOnLoad (8ms)
				EditorAssembliesLoaded (0ms)
			ExecutionOrderSort2 (0ms)
			AwakeInstancesAfterBackupRestoration (9ms)
Platform modules already initialized, skipping
Refreshing native plugins compatible for Editor in 0.40 ms, found 2 plugins.
Preloading 0 native plugins for Editor in 0.00 ms.
Unloading 1404 Unused Serialized files (Serialized files now loaded: 0)
System memory in use before: 70.1 MB.
System memory in use after: 70.2 MB.

Unloading 13 unused Assets to reduce memory usage. Loaded Objects now: 1859.
Total: 3.623100 ms (FindLiveObjects: 0.194400 ms CreateObjectMapping: 0.047800 ms MarkObjects: 3.358500 ms  DeleteObjects: 0.020300 ms)

AssetImportParameters requested are different than current active one (requested -> active):
  custom:framework-win-MediaFoundation: 216162199b28c13a410421893ffa2e32 -> 
  custom:video-decoder-ogg-theora: a1e56fd34408186e4bbccfd4996cb3dc -> 
  custom:container-muxer-webm: aa71ff27fc2769a1b78a27578f13a17b -> 
  custom:container-demuxer-webm: 4f35f7cbe854078d1ac9338744f61a02 -> 
  custom:container-demuxer-ogg: 62fdf1f143b41e24485cea50d1cbac27 -> 
  custom:video-encoder-webm-vp8: eb34c28f22e8b96e1ab97ce403110664 -> 
  custom:video-decoder-webm-vp8: 9c59270c3fd7afecdb556c50c9e8de78 -> 
  custom:audio-decoder-ogg-vorbis: bf7c407c2cedff20999df2af8eb42d56 -> 
  custom:audio-encoder-webm-vorbis: bf7c407c2cedff20999df2af8eb42d56 -> 
========================================================================
Received Prepare
Registering precompiled user dll's ...
Registered in 0.004193 seconds.
Begin MonoManager ReloadAssembly
Native extension for WindowsStandalone target not found
Refreshing native plugins compatible for Editor in 0.40 ms, found 2 plugins.
Preloading 0 native plugins for Editor in 0.00 ms.
Mono: successfully reloaded assembly
- Completed reload, in  1.366 seconds
Domain Reload Profiling:
	ReloadAssembly (1367ms)
		BeginReloadAssembly (134ms)
			ExecutionOrderSort (0ms)
			DisableScriptedObjects (6ms)
			BackupInstance (0ms)
			ReleaseScriptingObjects (0ms)
			CreateAndSetChildDomain (40ms)
		EndReloadAssembly (1154ms)
			LoadAssemblies (104ms)
			RebuildTransferFunctionScriptingTraits (0ms)
			SetupTypeCache (408ms)
			ReleaseScriptCaches (1ms)
			RebuildScriptCaches (50ms)
			SetupLoadedEditorAssemblies (465ms)
				LogAssemblyErrors (0ms)
				InitializePlatformSupportModulesInManaged (6ms)
				SetLoadedEditorAssemblies (1ms)
				RefreshPlugins (0ms)
				BeforeProcessingInitializeOnLoad (88ms)
				ProcessInitializeOnLoadAttributes (357ms)
				ProcessInitializeOnLoadMethodAttributes (5ms)
				AfterProcessingInitializeOnLoad (8ms)
				EditorAssembliesLoaded (0ms)
			ExecutionOrderSort2 (0ms)
			AwakeInstancesAfterBackupRestoration (8ms)
Platform modules already initialized, skipping
Refreshing native plugins compatible for Editor in 0.57 ms, found 2 plugins.
Preloading 0 native plugins for Editor in 0.00 ms.
Unloading 1391 Unused Serialized files (Serialized files now loaded: 0)
System memory in use before: 69.9 MB.
System memory in use after: 70.0 MB.

Unloading 26 unused Assets to reduce memory usage. Loaded Objects now: 1848.
Total: 3.561200 ms (FindLiveObjects: 0.240300 ms CreateObjectMapping: 0.065100 ms MarkObjects: 3.220400 ms  DeleteObjects: 0.033200 ms)

AssetImportParameters requested are different than current active one (requested -> active):
  custom:framework-win-MediaFoundation: 216162199b28c13a410421893ffa2e32 -> 
  custom:video-decoder-ogg-theora: a1e56fd34408186e4bbccfd4996cb3dc -> 
  custom:container-muxer-webm: aa71ff27fc2769a1b78a27578f13a17b -> 
  custom:container-demuxer-webm: 4f35f7cbe854078d1ac9338744f61a02 -> 
  custom:container-demuxer-ogg: 62fdf1f143b41e24485cea50d1cbac27 -> 
  custom:video-encoder-webm-vp8: eb34c28f22e8b96e1ab97ce403110664 -> 
  custom:video-decoder-webm-vp8: 9c59270c3fd7afecdb556c50c9e8de78 -> 
  custom:audio-decoder-ogg-vorbis: bf7c407c2cedff20999df2af8eb42d56 -> 
  custom:audio-encoder-webm-vorbis: bf7c407c2cedff20999df2af8eb42d56 -> 
AssetImportWorkerClient::OnTransportError - code=2 error=End of file
